2024-05-15 23:08:30,831 [INFO] Activator:176 - 


2024-05-15 23:08:30,832 [INFO] Activator:177 - !SESSION log4j initialized
2024-05-15 23:08:32,888 [INFO] LogOutputStream:77 - [STDOUT_REDIRECT] 
2024-05-15 23:08:39,124 [INFO] ApplicationProperties:184 - Using Application install path: C:\ST\STM32CubeIDE_1.13.2\STM32CubeIDE\plugins\com.st.stm32cube.common.mx_6.9.2.202309101412
2024-05-15 23:08:39,134 [INFO] DbMcusXml:78 - Set database path to: C:\ST\STM32CubeIDE_1.13.2\STM32CubeIDE\plugins\com.st.stm32cube.common.mx_6.9.2.202309101412\\db\/mcu/
2024-05-15 23:08:39,135 [INFO] ApiDb:274 - Set plugin database path to: C:\ST\STM32CubeIDE_1.13.2\STM32CubeIDE\plugins\com.st.stm32cube.common.mx_6.9.2.202309101412\\db\/plugins/boardmanager/
2024-05-15 23:08:39,135 [WARN] ApiDb:259 - Overriding images path with different value:  => C:\ST\STM32CubeIDE_1.13.2\STM32CubeIDE\plugins\com.st.stm32cube.common.mx_6.9.2.202309101412\\db\/plugins/mcufinder/images/
2024-05-15 23:08:39,140 [INFO] ApiDb:250 - Set database path to: C:\Users\User\.stmcufinder\plugins\mcufinder//mcu/
2024-05-15 23:08:39,140 [INFO] DbMcusAds:125 - Set database path to: C:\Users\User\.stmcufinder\plugins\mcufinder//mcu/
2024-05-15 23:08:39,141 [INFO] CrossReferenceDbSqlite:203 - Set database path to: C:\Users\User\.stmcufinder\plugins\mcufinder//mcu/cs/
2024-05-15 23:08:39,219 [INFO] RulesReader:64 - Compatibility file has been processed (293 Rules)
2024-05-15 23:08:39,265 [INFO] DbMcusXml:78 - Set database path to: C:\ST\STM32CubeIDE_1.13.2\STM32CubeIDE\plugins\com.st.stm32cube.common.mx_6.9.2.202309101412\\db\/mcu/
2024-05-15 23:08:39,265 [INFO] ApiDb:274 - Set plugin database path to: C:\ST\STM32CubeIDE_1.13.2\STM32CubeIDE\plugins\com.st.stm32cube.common.mx_6.9.2.202309101412\\db\/plugins/boardmanager/
2024-05-15 23:08:39,265 [INFO] ApiDb:261 - Set plugin images path to: C:\ST\STM32CubeIDE_1.13.2\STM32CubeIDE\plugins\com.st.stm32cube.common.mx_6.9.2.202309101412\\db\/plugins/mcufinder/images/
2024-05-15 23:08:39,265 [WARN] DbFile:41 - Overriding database path with different value: C:\Users\User\.stmcufinder\plugins\mcufinder/ => C:\Users\User\.stmcufinder\plugins\mcufinder
2024-05-15 23:08:39,265 [INFO] ApiDb:250 - Set database path to: C:\Users\User\.stmcufinder\plugins\mcufinder//mcu/
2024-05-15 23:08:39,265 [WARN] DbFile:41 - Overriding database path with different value: C:\Users\User\.stmcufinder\plugins\mcufinder/ => C:\Users\User\.stmcufinder\plugins\mcufinder
2024-05-15 23:08:39,265 [INFO] DbMcusAds:125 - Set database path to: C:\Users\User\.stmcufinder\plugins\mcufinder//mcu/
2024-05-15 23:08:39,265 [WARN] DbFile:41 - Overriding database path with different value: C:\Users\User\.stmcufinder\plugins\mcufinder/ => C:\Users\User\.stmcufinder\plugins\mcufinder
2024-05-15 23:08:39,266 [WARN] DbFile:41 - Overriding database path with different value: C:\Users\User\.stmcufinder\plugins\mcufinder/ => C:\Users\User\.stmcufinder\plugins\mcufinder
2024-05-15 23:08:39,266 [INFO] CrossReferenceDbSqlite:203 - Set database path to: C:\Users\User\.stmcufinder\plugins\mcufinder//mcu/cs/
2024-05-15 23:08:39,308 [INFO] MainPanel:262 - HeapMemory: 268435456
2024-05-15 23:08:39,355 [INFO] DbMcusXml:78 - Set database path to: C:\ST\STM32CubeIDE_1.13.2\STM32CubeIDE\plugins\com.st.stm32cube.common.mx_6.9.2.202309101412\\db\/mcu/
2024-05-15 23:08:39,355 [INFO] ApiDb:274 - Set plugin database path to: C:\ST\STM32CubeIDE_1.13.2\STM32CubeIDE\plugins\com.st.stm32cube.common.mx_6.9.2.202309101412\\db\/plugins/boardmanager/
2024-05-15 23:08:39,356 [INFO] ApiDb:261 - Set plugin images path to: C:\ST\STM32CubeIDE_1.13.2\STM32CubeIDE\plugins\com.st.stm32cube.common.mx_6.9.2.202309101412\\db\/plugins/mcufinder/images/
2024-05-15 23:08:39,356 [WARN] DbFile:41 - Overriding database path with different value: C:\Users\User\.stmcufinder\plugins\mcufinder/ => C:\Users\User\.stmcufinder\plugins\mcufinder
2024-05-15 23:08:39,356 [INFO] ApiDb:250 - Set database path to: C:\Users\User\.stmcufinder\plugins\mcufinder//mcu/
2024-05-15 23:08:39,356 [WARN] DbFile:41 - Overriding database path with different value: C:\Users\User\.stmcufinder\plugins\mcufinder/ => C:\Users\User\.stmcufinder\plugins\mcufinder
2024-05-15 23:08:39,356 [INFO] DbMcusAds:125 - Set database path to: C:\Users\User\.stmcufinder\plugins\mcufinder//mcu/
2024-05-15 23:08:39,356 [WARN] DbFile:41 - Overriding database path with different value: C:\Users\User\.stmcufinder\plugins\mcufinder/ => C:\Users\User\.stmcufinder\plugins\mcufinder
2024-05-15 23:08:39,356 [WARN] DbFile:41 - Overriding database path with different value: C:\Users\User\.stmcufinder\plugins\mcufinder/ => C:\Users\User\.stmcufinder\plugins\mcufinder
2024-05-15 23:08:39,356 [INFO] CrossReferenceDbSqlite:203 - Set database path to: C:\Users\User\.stmcufinder\plugins\mcufinder//mcu/cs/
2024-05-15 23:08:39,404 [INFO] ApplicationProperties:184 - Using Application install path: C:\ST\STM32CubeIDE_1.13.2\STM32CubeIDE\plugins\com.st.stm32cube.common.mx_6.9.2.202309101412
2024-05-15 23:08:39,405 [INFO] PluginManage:196 - Search for loadable plugins [exclusion list=, ]
2024-05-15 23:08:39,405 [INFO] PluginManage:310 - Check plugin analytics
2024-05-15 23:08:39,509 [INFO] AnalyticsPlugin:253 - Accepted Software Licenses: 
2024-05-15 23:08:39,509 [INFO] AnalyticsPlugin:255 - Accepted CMSIS Pack Licenses: 
2024-05-15 23:08:39,509 [INFO] AnalyticsPlugin:257 - Accepted Firmware Licenses: FW.G4.1.5.0
2024-05-15 23:08:39,511 [INFO] PluginManage:359 - Loaded plugin analytics (category:tool,tabindex:-1)
2024-05-15 23:08:39,511 [INFO] PluginManage:310 - Check plugin cadmodel
2024-05-15 23:08:39,515 [INFO] CADModel:105 - Init CAD model plugin
2024-05-15 23:08:39,515 [INFO] PluginManage:359 - Loaded plugin cadmodel (category:power,tabindex:5)
2024-05-15 23:08:39,515 [INFO] PluginManage:310 - Check plugin clock
2024-05-15 23:08:39,520 [INFO] PluginManage:359 - Loaded plugin clock (category:base,tabindex:2)
2024-05-15 23:08:39,520 [INFO] PluginManage:310 - Check plugin ddr
2024-05-15 23:08:39,521 [INFO] PluginManage:359 - Loaded plugin ddr (category:tool,tabindex:6)
2024-05-15 23:08:39,521 [INFO] PluginManage:310 - Check plugin filemanager
2024-05-15 23:08:39,663 [INFO] PluginManage:359 - Loaded plugin filemanager (category:base,tabindex:10)
2024-05-15 23:08:39,664 [INFO] PluginManage:310 - Check plugin ipmanager
2024-05-15 23:08:39,670 [INFO] PluginManage:359 - Loaded plugin ipmanager (category:base,tabindex:5)
2024-05-15 23:08:39,670 [INFO] PluginManage:310 - Check plugin lpbam
2024-05-15 23:08:39,677 [INFO] PluginManage:359 - Loaded plugin lpbam (category:base,tabindex:0)
2024-05-15 23:08:39,677 [INFO] PluginManage:310 - Check plugin memorymap
2024-05-15 23:08:39,685 [INFO] PluginManage:359 - Loaded plugin memorymap (category:base,tabindex:4)
2024-05-15 23:08:39,685 [INFO] PluginManage:310 - Check plugin pinoutandconfiguration
2024-05-15 23:08:39,689 [INFO] PluginManage:359 - Loaded plugin pinoutandconfiguration (category:base,tabindex:1)
2024-05-15 23:08:39,689 [INFO] PluginManage:310 - Check plugin pinoutconfig
2024-05-15 23:08:39,831 [WARN] SupportedApi:132 - Cannot load RTOS API schema: s4s-elt-must-match.1: The content of 'definitions' must match (annotation?, (simpleType | complexType)?, (unique | key | keyref)*)). A problem was found starting at: attribute.
2024-05-15 23:08:39,910 [INFO] PluginManage:359 - Loaded plugin pinoutconfig (category:base,tabindex:0)
2024-05-15 23:08:39,910 [INFO] PluginManage:310 - Check plugin power
2024-05-15 23:08:39,914 [INFO] PluginManage:359 - Loaded plugin power (category:power,tabindex:4)
2024-05-15 23:08:39,914 [INFO] PluginManage:310 - Check plugin projectmanager
2024-05-15 23:08:39,923 [INFO] PluginManage:359 - Loaded plugin projectmanager (category:projectmanager,tabindex:3)
2024-05-15 23:08:39,923 [INFO] PluginManage:310 - Check plugin thirdparty
2024-05-15 23:08:39,997 [INFO] PluginManage:359 - Loaded plugin thirdparty (category:base,tabindex:-1)
2024-05-15 23:08:39,997 [WARN] IntegrityCheckThread:84 - waiting for thirdparty lock release [integrity check]
2024-05-15 23:08:39,997 [INFO] PluginManage:310 - Check plugin tools
2024-05-15 23:08:39,997 [INFO] IntegrityCheckThread:86 - entering critical section [integrity check]
2024-05-15 23:08:39,998 [INFO] ThirdPartyUpdaterWithRetryManager:70 - Updater plugin not ready yet. [1/15]
2024-05-15 23:08:39,999 [INFO] PluginManage:359 - Loaded plugin tools (category:base,tabindex:7)
2024-05-15 23:08:39,999 [INFO] PluginManage:310 - Check plugin tutovideos
2024-05-15 23:08:40,099 [INFO] PluginManage:359 - Loaded plugin tutovideos (category:base,tabindex:-1)
2024-05-15 23:08:40,099 [INFO] PluginManage:310 - Check plugin updater
2024-05-15 23:08:40,104 [INFO] PluginManage:359 - Loaded plugin updater (category:base,tabindex:12)
2024-05-15 23:08:40,104 [INFO] PluginManage:310 - Check plugin userauth
2024-05-15 23:08:40,107 [INFO] UserAuth:113 - Init User Auth plugin
2024-05-15 23:08:40,107 [INFO] PluginManage:359 - Loaded plugin userauth (category:base,tabindex:14)
2024-05-15 23:08:40,107 [INFO] PluginManage:283 - PluginManage : Loaded plugins [17]
2024-05-15 23:08:40,232 [INFO] PinOutPanel:1499 - setPackage(No Configuration,No Configuration)
2024-05-15 23:08:40,300 [INFO] CADModel:165 - CPN selected for project level
2024-05-15 23:08:40,301 [INFO] CADModel:114 - Register for checkConnection events
2024-05-15 23:08:40,315 [INFO] IPUIPlugin:80 - create IPUIPlugin
2024-05-15 23:08:40,315 [INFO] PluginManager:220 - loadIPPluginJar : add adc
2024-05-15 23:08:40,317 [INFO] IPUIPlugin:80 - create IPUIPlugin
2024-05-15 23:08:40,317 [INFO] PluginManager:220 - loadIPPluginJar : add aes
2024-05-15 23:08:40,318 [INFO] IPUIPlugin:80 - create IPUIPlugin
2024-05-15 23:08:40,318 [INFO] PluginManager:220 - loadIPPluginJar : add can
2024-05-15 23:08:40,319 [INFO] IPUIPlugin:80 - create IPUIPlugin
2024-05-15 23:08:40,319 [INFO] PluginManager:220 - loadIPPluginJar : add comp
2024-05-15 23:08:40,321 [INFO] IPUIPlugin:80 - create IPUIPlugin
2024-05-15 23:08:40,321 [INFO] PluginManager:220 - loadIPPluginJar : add cryp
2024-05-15 23:08:40,323 [INFO] IPUIPlugin:80 - create IPUIPlugin
2024-05-15 23:08:40,323 [INFO] PluginManager:220 - loadIPPluginJar : add dfsdm
2024-05-15 23:08:40,329 [INFO] IPUIPlugin:80 - create IPUIPlugin
2024-05-15 23:08:40,330 [INFO] PluginManager:220 - loadIPPluginJar : add dma
2024-05-15 23:08:40,331 [INFO] IPUIPlugin:80 - create IPUIPlugin
2024-05-15 23:08:40,331 [INFO] PluginManager:220 - loadIPPluginJar : add dma3
2024-05-15 23:08:40,332 [INFO] IPUIPlugin:80 - create IPUIPlugin
2024-05-15 23:08:40,332 [INFO] PluginManager:220 - loadIPPluginJar : add fatfs
2024-05-15 23:08:40,335 [INFO] IPUIPlugin:80 - create IPUIPlugin
2024-05-15 23:08:40,335 [INFO] PluginManager:220 - loadIPPluginJar : add fmc
2024-05-15 23:08:40,338 [INFO] IPUIPlugin:80 - create IPUIPlugin
2024-05-15 23:08:40,338 [INFO] PluginManager:220 - loadIPPluginJar : add freertos
2024-05-15 23:08:40,338 [INFO] IPUIPlugin:80 - create IPUIPlugin
2024-05-15 23:08:40,338 [INFO] PluginManager:220 - loadIPPluginJar : add genericplugin
2024-05-15 23:08:40,339 [INFO] IPUIPlugin:80 - create IPUIPlugin
2024-05-15 23:08:40,339 [INFO] PluginManager:220 - loadIPPluginJar : add gfxmmu
2024-05-15 23:08:40,343 [INFO] IPUIPlugin:80 - create IPUIPlugin
2024-05-15 23:08:40,343 [INFO] PluginManager:220 - loadIPPluginJar : add gic
2024-05-15 23:08:40,345 [INFO] IPUIPlugin:80 - create IPUIPlugin
2024-05-15 23:08:40,345 [INFO] PluginManager:220 - loadIPPluginJar : add gpio
2024-05-15 23:08:40,346 [INFO] IPUIPlugin:80 - create IPUIPlugin
2024-05-15 23:08:40,346 [INFO] PluginManager:220 - loadIPPluginJar : add gtzc
2024-05-15 23:08:40,348 [INFO] IPUIPlugin:80 - create IPUIPlugin
2024-05-15 23:08:40,348 [INFO] PluginManager:220 - loadIPPluginJar : add hash
2024-05-15 23:08:40,349 [INFO] IPUIPlugin:80 - create IPUIPlugin
2024-05-15 23:08:40,349 [INFO] PluginManager:220 - loadIPPluginJar : add i2c
2024-05-15 23:08:40,350 [INFO] IPUIPlugin:80 - create IPUIPlugin
2024-05-15 23:08:40,350 [INFO] PluginManager:220 - loadIPPluginJar : add i2s
2024-05-15 23:08:40,351 [INFO] IPUIPlugin:80 - create IPUIPlugin
2024-05-15 23:08:40,351 [INFO] PluginManager:220 - loadIPPluginJar : add i3c
2024-05-15 23:08:40,353 [INFO] IPUIPlugin:80 - create IPUIPlugin
2024-05-15 23:08:40,353 [INFO] PluginManager:220 - loadIPPluginJar : add ipddr
2024-05-15 23:08:40,357 [INFO] IPUIPlugin:80 - create IPUIPlugin
2024-05-15 23:08:40,357 [INFO] PluginManager:220 - loadIPPluginJar : add linkedlist
2024-05-15 23:08:40,358 [INFO] IPUIPlugin:80 - create IPUIPlugin
2024-05-15 23:08:40,359 [INFO] PluginManager:220 - loadIPPluginJar : add lorawan
2024-05-15 23:08:40,360 [INFO] IPUIPlugin:80 - create IPUIPlugin
2024-05-15 23:08:40,360 [INFO] PluginManager:220 - loadIPPluginJar : add ltdc
2024-05-15 23:08:40,363 [INFO] IPUIPlugin:80 - create IPUIPlugin
2024-05-15 23:08:40,363 [INFO] PluginManager:220 - loadIPPluginJar : add mdma
2024-05-15 23:08:40,365 [INFO] IPUIPlugin:80 - create IPUIPlugin
2024-05-15 23:08:40,366 [INFO] PluginManager:220 - loadIPPluginJar : add nvic
2024-05-15 23:08:40,367 [INFO] IPUIPlugin:80 - create IPUIPlugin
2024-05-15 23:08:40,367 [INFO] PluginManager:220 - loadIPPluginJar : add opamp
2024-05-15 23:08:40,369 [INFO] IPUIPlugin:80 - create IPUIPlugin
2024-05-15 23:08:40,369 [INFO] PluginManager:220 - loadIPPluginJar : add openamp
2024-05-15 23:08:40,370 [INFO] IPUIPlugin:80 - create IPUIPlugin
2024-05-15 23:08:40,370 [INFO] PluginManager:220 - loadIPPluginJar : add pdm2pcm
2024-05-15 23:08:40,373 [INFO] IPUIPlugin:80 - create IPUIPlugin
2024-05-15 23:08:40,374 [INFO] PluginManager:220 - loadIPPluginJar : add plateformsettings
2024-05-15 23:08:40,375 [INFO] IPUIPlugin:80 - create IPUIPlugin
2024-05-15 23:08:40,375 [INFO] PluginManager:220 - loadIPPluginJar : add quadspi
2024-05-15 23:08:40,377 [INFO] IPUIPlugin:80 - create IPUIPlugin
2024-05-15 23:08:40,377 [INFO] PluginManager:220 - loadIPPluginJar : add resmgrutility
2024-05-15 23:08:40,379 [INFO] IPUIPlugin:80 - create IPUIPlugin
2024-05-15 23:08:40,379 [INFO] PluginManager:220 - loadIPPluginJar : add sai
2024-05-15 23:08:40,380 [INFO] IPUIPlugin:80 - create IPUIPlugin
2024-05-15 23:08:40,380 [INFO] PluginManager:220 - loadIPPluginJar : add spi
2024-05-15 23:08:40,382 [INFO] IPUIPlugin:80 - create IPUIPlugin
2024-05-15 23:08:40,382 [INFO] PluginManager:220 - loadIPPluginJar : add stm32_wpan
2024-05-15 23:08:40,383 [INFO] IPUIPlugin:80 - create IPUIPlugin
2024-05-15 23:08:40,383 [INFO] PluginManager:220 - loadIPPluginJar : add tim
2024-05-15 23:08:40,385 [INFO] IPUIPlugin:80 - create IPUIPlugin
2024-05-15 23:08:40,385 [INFO] PluginManager:220 - loadIPPluginJar : add touchsensing
2024-05-15 23:08:40,386 [INFO] IPUIPlugin:80 - create IPUIPlugin
2024-05-15 23:08:40,386 [INFO] PluginManager:220 - loadIPPluginJar : add tracer_emb
2024-05-15 23:08:40,387 [INFO] IPUIPlugin:80 - create IPUIPlugin
2024-05-15 23:08:40,387 [INFO] PluginManager:220 - loadIPPluginJar : add ts
2024-05-15 23:08:40,388 [INFO] IPUIPlugin:80 - create IPUIPlugin
2024-05-15 23:08:40,388 [INFO] PluginManager:220 - loadIPPluginJar : add tsc
2024-05-15 23:08:40,389 [INFO] IPUIPlugin:80 - create IPUIPlugin
2024-05-15 23:08:40,389 [INFO] PluginManager:220 - loadIPPluginJar : add ucpd
2024-05-15 23:08:40,391 [INFO] IPUIPlugin:80 - create IPUIPlugin
2024-05-15 23:08:40,391 [INFO] PluginManager:220 - loadIPPluginJar : add usart
2024-05-15 23:08:40,393 [INFO] IPUIPlugin:80 - create IPUIPlugin
2024-05-15 23:08:40,393 [INFO] PluginManager:220 - loadIPPluginJar : add usbx
2024-05-15 23:08:40,497 [INFO] CADModel:165 - CPN selected for project level
2024-05-15 23:08:40,497 [INFO] CADModel:114 - Register for checkConnection events
2024-05-15 23:08:40,497 [FATAL] Updater:308 - Updater called before beeing initialized
2024-05-15 23:08:40,497 [ERROR] CADModel:125 - Updater not yet initialized, retry later 
2024-05-15 23:08:40,578 [INFO] CADModel:165 - CPN selected for project level
2024-05-15 23:08:40,579 [INFO] CADModel:114 - Register for checkConnection events
2024-05-15 23:08:40,579 [FATAL] Updater:308 - Updater called before beeing initialized
2024-05-15 23:08:40,579 [ERROR] CADModel:125 - Updater not yet initialized, retry later 
2024-05-15 23:08:40,580 [FATAL] Updater:308 - Updater called before beeing initialized
2024-05-15 23:08:40,644 [FATAL] Updater:308 - Updater called before beeing initialized
2024-05-15 23:08:40,649 [INFO] DbMcusAds:53 - JSON generation date=Wed Nov 29 17:52:27 ICT 2023 (1701255147349)
2024-05-15 23:08:40,649 [FATAL] Updater:308 - Updater called before beeing initialized
2024-05-15 23:08:40,679 [WARN] DetailPanel:346 - Failed to get advertising image, set to default
2024-05-15 23:08:40,766 [FATAL] Updater:308 - Updater called before beeing initialized
2024-05-15 23:08:40,768 [FATAL] Updater:308 - Updater called before beeing initialized
2024-05-15 23:08:40,768 [FATAL] Updater:308 - Updater called before beeing initialized
2024-05-15 23:08:40,768 [WARN] DetailPanel:346 - Failed to get advertising image, set to default
2024-05-15 23:08:40,769 [FATAL] Updater:308 - Updater called before beeing initialized
2024-05-15 23:08:40,819 [ERROR] Updater:1120 - MainUpdater not yet initialized. External WinMGr cannot be set.
2024-05-15 23:08:40,821 [INFO] Updater:1056 - Updater Version found : 6.9.2
2024-05-15 23:08:40,837 [INFO] ApplicationProperties:184 - Using Application install path: C:\ST\STM32CubeIDE_1.13.2\STM32CubeIDE\plugins\com.st.stm32cube.common.mx_6.9.2.202309101412
2024-05-15 23:08:40,976 [INFO] MainUpdater:2868 - connection check result : 10
2024-05-15 23:08:40,977 [INFO] MainUpdater:285 - Updater Check For Update Now.
2024-05-15 23:08:40,977 [INFO] MicroXplorer:498 - Change Database Version : DB.6.0.92
2024-05-15 23:08:40,982 [INFO] McuFinderGlobals:63 - Set McuFinder mode to 2 (CubeIDE integrated)
2024-05-15 23:08:40,982 [INFO] UserAuth:179 - activating auth plugin
2024-05-15 23:08:40,984 [INFO] UserAuth:393 - Internet connection configuration mode: 1
2024-05-15 23:08:40,998 [INFO] JxBrowserEngine:151 - Initiate JxBrowser Engine with user profile folder
2024-05-15 23:08:41,142 [INFO] CheckServerUpdateThread:120 - End of CheckServer Thread
